1:47:32 AM  [main] 	Initializing Control Panel
1:47:32 AM  [main] 	Windows Version:  Enterprise  64-bit
1:47:32 AM  [main] 	XAMPP Version: 8.0.2
1:47:32 AM  [main] 	Control Panel Version: 3.2.4  [ Compiled: Jun 5th 2019 ]
1:47:32 AM  [main] 	You are not running with administrator rights! This will work for
1:47:32 AM  [main] 	most application stuff but whenever you do something with services
1:47:32 AM  [main] 	there will be a security dialogue or things will break! So think 
1:47:32 AM  [main] 	about running this application with administrator rights!
1:47:32 AM  [main] 	XAMPP Installation Directory: "c:\xampp\"
1:47:32 AM  [main] 	Checking for prerequisites
1:47:34 AM  [main] 	All prerequisites found
1:47:34 AM  [main] 	Initializing Modules
1:47:34 AM  [main] 	Starting Check-Timer
1:47:34 AM  [main] 	Control Panel Ready
4:09:24 AM  [main] 	Deinitializing Modules
4:09:24 AM  [main] 	Deinitializing Control Panel

8:11:37 PM  [main] 	Initializing Control Panel
8:11:37 PM  [main] 	Windows Version:  Enterprise  64-bit
8:11:37 PM  [main] 	XAMPP Version: 8.0.2
8:11:37 PM  [main] 	Control Panel Version: 3.2.4  [ Compiled: Jun 5th 2019 ]
8:11:37 PM  [main] 	You are not running with administrator rights! This will work for
8:11:37 PM  [main] 	most application stuff but whenever you do something with services
8:11:37 PM  [main] 	there will be a security dialogue or things will break! So think 
8:11:37 PM  [main] 	about running this application with administrator rights!
8:11:37 PM  [main] 	XAMPP Installation Directory: "c:\xampp\"
8:11:37 PM  [main] 	Checking for prerequisites
8:11:39 PM  [main] 	All prerequisites found
8:11:39 PM  [main] 	Initializing Modules
8:11:39 PM  [main] 	Starting Check-Timer
8:11:39 PM  [main] 	Control Panel Ready
8:42:33 PM  [main] 	Deinitializing Modules
8:42:33 PM  [main] 	Deinitializing Control Panel

4:16:25 PM  [main] 	Initializing Control Panel
4:16:25 PM  [main] 	Windows Version:  Enterprise  64-bit
4:16:25 PM  [main] 	XAMPP Version: 8.0.2
4:16:25 PM  [main] 	Control Panel Version: 3.2.4  [ Compiled: Jun 5th 2019 ]
4:16:25 PM  [main] 	You are not running with administrator rights! This will work for
4:16:25 PM  [main] 	most application stuff but whenever you do something with services
4:16:25 PM  [main] 	there will be a security dialogue or things will break! So think 
4:16:25 PM  [main] 	about running this application with administrator rights!
4:16:25 PM  [main] 	XAMPP Installation Directory: "c:\xampp\"
4:16:25 PM  [main] 	Checking for prerequisites
4:16:26 PM  [main] 	All prerequisites found
4:16:26 PM  [main] 	Initializing Modules
4:16:26 PM  [main] 	Starting Check-Timer
4:16:26 PM  [main] 	Control Panel Ready
5:56:09 PM  [main] 	Deinitializing Modules
5:56:09 PM  [main] 	Deinitializing Control Panel

3:58:44 PM  [main] 	Initializing Control Panel
3:58:44 PM  [main] 	Windows Version:  Enterprise  64-bit
3:58:44 PM  [main] 	XAMPP Version: 8.0.2
3:58:44 PM  [main] 	Control Panel Version: 3.2.4  [ Compiled: Jun 5th 2019 ]
3:58:44 PM  [main] 	You are not running with administrator rights! This will work for
3:58:44 PM  [main] 	most application stuff but whenever you do something with services
3:58:44 PM  [main] 	there will be a security dialogue or things will break! So think 
3:58:44 PM  [main] 	about running this application with administrator rights!
3:58:44 PM  [main] 	XAMPP Installation Directory: "c:\xampp\"
3:58:44 PM  [main] 	Checking for prerequisites
3:58:45 PM  [main] 	All prerequisites found
3:58:45 PM  [main] 	Initializing Modules
3:58:45 PM  [main] 	Starting Check-Timer
3:58:45 PM  [main] 	Control Panel Ready
5:14:50 PM  [main] 	Deinitializing Modules
5:14:50 PM  [main] 	Deinitializing Control Panel

10:57:10 AM  [main] 	Initializing Control Panel
10:57:10 AM  [main] 	Windows Version:  Enterprise  64-bit
10:57:10 AM  [main] 	XAMPP Version: 8.0.2
10:57:10 AM  [main] 	Control Panel Version: 3.2.4  [ Compiled: Jun 5th 2019 ]
10:57:10 AM  [main] 	You are not running with administrator rights! This will work for
10:57:10 AM  [main] 	most application stuff but whenever you do something with services
10:57:10 AM  [main] 	there will be a security dialogue or things will break! So think 
10:57:10 AM  [main] 	about running this application with administrator rights!
10:57:10 AM  [main] 	XAMPP Installation Directory: "c:\xampp\"
10:57:10 AM  [main] 	Checking for prerequisites
10:57:12 AM  [main] 	All prerequisites found
10:57:12 AM  [main] 	Initializing Modules
10:57:12 AM  [main] 	Starting Check-Timer
10:57:12 AM  [main] 	Control Panel Ready
12:37:41 PM  [main] 	Deinitializing Modules
12:37:41 PM  [main] 	Deinitializing Control Panel

1:13:02 PM  [main] 	Initializing Control Panel
1:13:02 PM  [main] 	Windows Version:  Enterprise  64-bit
1:13:02 PM  [main] 	XAMPP Version: 8.0.2
1:13:02 PM  [main] 	Control Panel Version: 3.2.4  [ Compiled: Jun 5th 2019 ]
1:13:02 PM  [main] 	You are not running with administrator rights! This will work for
1:13:02 PM  [main] 	most application stuff but whenever you do something with services
1:13:02 PM  [main] 	there will be a security dialogue or things will break! So think 
1:13:02 PM  [main] 	about running this application with administrator rights!
1:13:02 PM  [main] 	XAMPP Installation Directory: "c:\xampp\"
1:13:02 PM  [main] 	Checking for prerequisites
1:13:04 PM  [main] 	All prerequisites found
1:13:04 PM  [main] 	Initializing Modules
1:13:04 PM  [main] 	Starting Check-Timer
1:13:04 PM  [main] 	Control Panel Ready
4:04:55 PM  [main] 	Deinitializing Modules
4:04:55 PM  [main] 	Deinitializing Control Panel

12:00:02 PM  [main] 	Initializing Control Panel
12:00:02 PM  [main] 	Windows Version:  Enterprise  64-bit
12:00:02 PM  [main] 	XAMPP Version: 8.0.2
12:00:02 PM  [main] 	Control Panel Version: 3.2.4  [ Compiled: Jun 5th 2019 ]
12:00:02 PM  [main] 	You are not running with administrator rights! This will work for
12:00:02 PM  [main] 	most application stuff but whenever you do something with services
12:00:02 PM  [main] 	there will be a security dialogue or things will break! So think 
12:00:02 PM  [main] 	about running this application with administrator rights!
12:00:02 PM  [main] 	XAMPP Installation Directory: "c:\xampp\"
12:00:02 PM  [main] 	Checking for prerequisites
12:00:03 PM  [main] 	All prerequisites found
12:00:03 PM  [main] 	Initializing Modules
12:00:03 PM  [main] 	Starting Check-Timer
12:00:03 PM  [main] 	Control Panel Ready
2:23:21 PM  [main] 	Deinitializing Modules
2:23:21 PM  [main] 	Deinitializing Control Panel

9:27:45 PM  [main] 	Initializing Control Panel
9:27:45 PM  [main] 	Windows Version:  Enterprise  64-bit
9:27:45 PM  [main] 	XAMPP Version: 8.0.2
9:27:45 PM  [main] 	Control Panel Version: 3.2.4  [ Compiled: Jun 5th 2019 ]
9:27:45 PM  [main] 	You are not running with administrator rights! This will work for
9:27:45 PM  [main] 	most application stuff but whenever you do something with services
9:27:45 PM  [main] 	there will be a security dialogue or things will break! So think 
9:27:45 PM  [main] 	about running this application with administrator rights!
9:27:45 PM  [main] 	XAMPP Installation Directory: "c:\xampp\"
9:27:45 PM  [main] 	Checking for prerequisites
9:27:46 PM  [main] 	All prerequisites found
9:27:46 PM  [main] 	Initializing Modules
9:27:46 PM  [main] 	Starting Check-Timer
9:27:46 PM  [main] 	Control Panel Ready
9:27:54 PM  [Apache] 	Attempting to start Apache app...
9:27:54 PM  [Apache] 	Status change detected: running
9:27:55 PM  [mysql] 	Attempting to start MySQL app...
9:27:56 PM  [mysql] 	Status change detected: running
2:54:03 AM  [main] 	Deinitializing Modules
2:54:03 AM  [main] 	Deinitializing Control Panel

1:06:22 PM  [main] 	Initializing Control Panel
1:06:22 PM  [main] 	Windows Version:  Enterprise  64-bit
1:06:22 PM  [main] 	XAMPP Version: 8.0.2
1:06:22 PM  [main] 	Control Panel Version: 3.2.4  [ Compiled: Jun 5th 2019 ]
1:06:22 PM  [main] 	You are not running with administrator rights! This will work for
1:06:22 PM  [main] 	most application stuff but whenever you do something with services
1:06:22 PM  [main] 	there will be a security dialogue or things will break! So think 
1:06:22 PM  [main] 	about running this application with administrator rights!
1:06:22 PM  [main] 	XAMPP Installation Directory: "c:\xampp\"
1:06:22 PM  [main] 	Checking for prerequisites
1:06:22 PM  [main] 	All prerequisites found
1:06:22 PM  [main] 	Initializing Modules
1:06:22 PM  [main] 	Starting Check-Timer
1:06:22 PM  [main] 	Control Panel Ready
1:06:24 PM  [Apache] 	Attempting to start Apache app...
1:06:24 PM  [Apache] 	Status change detected: running
1:06:24 PM  [mysql] 	Attempting to start MySQL app...
1:06:25 PM  [mysql] 	Status change detected: running
5:31:32 PM  [main] 	Deinitializing Modules
5:31:32 PM  [main] 	Deinitializing Control Panel

1:13:20 PM  [main] 	Initializing Control Panel
1:13:20 PM  [main] 	Windows Version:  Enterprise  64-bit
1:13:20 PM  [main] 	XAMPP Version: 8.0.2
1:13:20 PM  [main] 	Control Panel Version: 3.2.4  [ Compiled: Jun 5th 2019 ]
1:13:20 PM  [main] 	You are not running with administrator rights! This will work for
1:13:20 PM  [main] 	most application stuff but whenever you do something with services
1:13:20 PM  [main] 	there will be a security dialogue or things will break! So think 
1:13:20 PM  [main] 	about running this application with administrator rights!
1:13:20 PM  [main] 	XAMPP Installation Directory: "c:\xampp\"
1:13:20 PM  [main] 	Checking for prerequisites
1:13:22 PM  [main] 	All prerequisites found
1:13:22 PM  [main] 	Initializing Modules
1:13:22 PM  [main] 	Starting Check-Timer
1:13:22 PM  [main] 	Control Panel Ready
1:13:26 PM  [Apache] 	Attempting to start Apache app...
1:13:26 PM  [Apache] 	Status change detected: running
1:13:26 PM  [mysql] 	Attempting to start MySQL app...
1:13:26 PM  [mysql] 	Status change detected: running
5:02:58 PM  [main] 	Deinitializing Modules
5:02:58 PM  [main] 	Deinitializing Control Panel

11:27:11 PM  [main] 	Initializing Control Panel
11:27:11 PM  [main] 	Windows Version:  Enterprise  64-bit
11:27:11 PM  [main] 	XAMPP Version: 8.0.2
11:27:11 PM  [main] 	Control Panel Version: 3.2.4  [ Compiled: Jun 5th 2019 ]
11:27:11 PM  [main] 	You are not running with administrator rights! This will work for
11:27:11 PM  [main] 	most application stuff but whenever you do something with services
11:27:11 PM  [main] 	there will be a security dialogue or things will break! So think 
11:27:11 PM  [main] 	about running this application with administrator rights!
11:27:11 PM  [main] 	XAMPP Installation Directory: "c:\xampp\"
11:27:11 PM  [main] 	Checking for prerequisites
11:27:11 PM  [main] 	All prerequisites found
11:27:11 PM  [main] 	Initializing Modules
11:27:11 PM  [main] 	Starting Check-Timer
11:27:11 PM  [main] 	Control Panel Ready
11:27:12 PM  [mysql] 	Attempting to start MySQL app...
11:27:13 PM  [Apache] 	Attempting to start Apache app...
11:27:13 PM  [Apache] 	Status change detected: running
11:27:13 PM  [mysql] 	Status change detected: running
1:15:04 AM  [main] 	Deinitializing Modules
1:15:04 AM  [main] 	Deinitializing Control Panel

5:57:42 PM  [main] 	Initializing Control Panel
5:57:42 PM  [main] 	Windows Version:  Enterprise  64-bit
5:57:42 PM  [main] 	XAMPP Version: 8.0.2
5:57:42 PM  [main] 	Control Panel Version: 3.2.4  [ Compiled: Jun 5th 2019 ]
5:57:42 PM  [main] 	You are not running with administrator rights! This will work for
5:57:42 PM  [main] 	most application stuff but whenever you do something with services
5:57:42 PM  [main] 	there will be a security dialogue or things will break! So think 
5:57:42 PM  [main] 	about running this application with administrator rights!
5:57:42 PM  [main] 	XAMPP Installation Directory: "c:\xampp\"
5:57:42 PM  [main] 	Checking for prerequisites
5:57:43 PM  [main] 	All prerequisites found
5:57:43 PM  [main] 	Initializing Modules
5:57:43 PM  [main] 	Starting Check-Timer
5:57:43 PM  [main] 	Control Panel Ready
5:57:46 PM  [Apache] 	Attempting to start Apache app...
5:57:46 PM  [Apache] 	Status change detected: running
5:57:46 PM  [mysql] 	Attempting to start MySQL app...
5:57:46 PM  [mysql] 	Status change detected: running
8:13:52 PM  [Apache] 	Attempting to stop Apache (PID: 12580)
8:13:52 PM  [Apache] 	Attempting to stop Apache (PID: 12760)
8:13:52 PM  [Apache] 	Status change detected: stopped
8:13:52 PM  [mysql] 	Attempting to stop MySQL app...
8:13:52 PM  [mysql] 	Status change detected: stopped
11:27:13 PM  [mysql] 	Status change detected: running
11:27:13 PM  [Apache] 	Status change detected: running
1:15:04 AM  [main] 	Deinitializing Modules
1:15:04 AM  [main] 	Deinitializing Control Panel

4:53:03 PM  [main] 	Initializing Control Panel
4:53:03 PM  [main] 	Windows Version:  Enterprise  64-bit
4:53:03 PM  [main] 	XAMPP Version: 8.0.2
4:53:03 PM  [main] 	Control Panel Version: 3.2.4  [ Compiled: Jun 5th 2019 ]
4:53:03 PM  [main] 	You are not running with administrator rights! This will work for
4:53:03 PM  [main] 	most application stuff but whenever you do something with services
4:53:03 PM  [main] 	there will be a security dialogue or things will break! So think 
4:53:03 PM  [main] 	about running this application with administrator rights!
4:53:03 PM  [main] 	XAMPP Installation Directory: "c:\xampp\"
4:53:03 PM  [main] 	Checking for prerequisites
4:53:04 PM  [main] 	All prerequisites found
4:53:04 PM  [main] 	Initializing Modules
4:53:04 PM  [main] 	Starting Check-Timer
4:53:04 PM  [main] 	Control Panel Ready
4:53:06 PM  [Apache] 	Attempting to start Apache app...
4:53:06 PM  [Apache] 	Status change detected: running
4:53:07 PM  [mysql] 	Attempting to start MySQL app...
4:53:07 PM  [mysql] 	Status change detected: running
5:33:41 PM  [Apache] 	Attempting to stop Apache (PID: 14084)
5:33:41 PM  [Apache] 	Attempting to stop Apache (PID: 13956)
5:33:41 PM  [Apache] 	Status change detected: stopped
5:33:42 PM  [mysql] 	Attempting to stop MySQL app...
5:33:42 PM  [mysql] 	Status change detected: stopped
5:34:10 PM  [Apache] 	Attempting to start Apache app...
5:34:10 PM  [Apache] 	Status change detected: running
5:34:10 PM  [mysql] 	Attempting to start MySQL app...
5:34:11 PM  [mysql] 	Status change detected: running
5:54:56 PM  [main] 	Deinitializing Modules
5:54:56 PM  [main] 	Deinitializing Control Panel

7:43:50 PM  [main] 	Initializing Control Panel
7:43:50 PM  [main] 	Windows Version:  Enterprise  64-bit
7:43:50 PM  [main] 	XAMPP Version: 8.0.2
7:43:50 PM  [main] 	Control Panel Version: 3.2.4  [ Compiled: Jun 5th 2019 ]
7:43:50 PM  [main] 	You are not running with administrator rights! This will work for
7:43:50 PM  [main] 	most application stuff but whenever you do something with services
7:43:50 PM  [main] 	there will be a security dialogue or things will break! So think 
7:43:50 PM  [main] 	about running this application with administrator rights!
7:43:50 PM  [main] 	XAMPP Installation Directory: "c:\xampp\"
7:43:50 PM  [main] 	Checking for prerequisites
7:43:50 PM  [main] 	All prerequisites found
7:43:50 PM  [main] 	Initializing Modules
7:43:50 PM  [main] 	Starting Check-Timer
7:43:50 PM  [main] 	Control Panel Ready
7:43:53 PM  [Apache] 	Attempting to start Apache app...
7:43:54 PM  [Apache] 	Status change detected: running
7:43:54 PM  [mysql] 	Attempting to start MySQL app...
7:43:54 PM  [mysql] 	Status change detected: running
1:47:22 AM  [Apache] 	Status change detected: stopped
1:47:22 AM  [Apache] 	Error: Apache shutdown unexpectedly.
1:47:22 AM  [Apache] 	This may be due to a blocked port, missing dependencies, 
1:47:22 AM  [Apache] 	improper privileges, a crash, or a shutdown by another method.
1:47:22 AM  [Apache] 	Press the Logs button to view error logs and check
1:47:22 AM  [Apache] 	the Windows Event Viewer for more clues
1:47:22 AM  [Apache] 	If you need more help, copy and post this
1:47:22 AM  [Apache] 	entire log window on the forums
1:47:22 AM  [mysql] 	Status change detected: stopped
1:47:22 AM  [mysql] 	Error: MySQL shutdown unexpectedly.
1:47:22 AM  [mysql] 	This may be due to a blocked port, missing dependencies, 
1:47:22 AM  [mysql] 	improper privileges, a crash, or a shutdown by another method.
1:47:22 AM  [mysql] 	Press the Logs button to view error logs and check
1:47:22 AM  [mysql] 	the Windows Event Viewer for more clues
1:47:22 AM  [mysql] 	If you need more help, copy and post this
1:47:22 AM  [mysql] 	entire log window on the forums
1:47:22 AM  [main] 	Deinitializing Modules
1:47:22 AM  [main] 	Deinitializing Control Panel

9:34:01 AM  [main] 	Initializing Control Panel
9:34:01 AM  [main] 	Windows Version:  Enterprise  64-bit
9:34:01 AM  [main] 	XAMPP Version: 8.0.2
9:34:01 AM  [main] 	Control Panel Version: 3.2.4  [ Compiled: Jun 5th 2019 ]
9:34:01 AM  [main] 	You are not running with administrator rights! This will work for
9:34:01 AM  [main] 	most application stuff but whenever you do something with services
9:34:01 AM  [main] 	there will be a security dialogue or things will break! So think 
9:34:01 AM  [main] 	about running this application with administrator rights!
9:34:01 AM  [main] 	XAMPP Installation Directory: "c:\xampp\"
9:34:01 AM  [main] 	Checking for prerequisites
9:34:03 AM  [main] 	All prerequisites found
9:34:03 AM  [main] 	Initializing Modules
9:34:03 AM  [main] 	Starting Check-Timer
9:34:03 AM  [main] 	Control Panel Ready
9:34:05 AM  [Apache] 	Attempting to start Apache app...
9:34:06 AM  [Apache] 	Status change detected: running
9:34:06 AM  [mysql] 	Attempting to start MySQL app...
9:34:06 AM  [mysql] 	Status change detected: running
10:52:17 AM  [main] 	Deinitializing Modules
10:52:17 AM  [main] 	Deinitializing Control Panel

9:01:48 PM  [main] 	Initializing Control Panel
9:01:48 PM  [main] 	Windows Version:  Enterprise  64-bit
9:01:48 PM  [main] 	XAMPP Version: 8.0.2
9:01:48 PM  [main] 	Control Panel Version: 3.2.4  [ Compiled: Jun 5th 2019 ]
9:01:48 PM  [main] 	You are not running with administrator rights! This will work for
9:01:48 PM  [main] 	most application stuff but whenever you do something with services
9:01:48 PM  [main] 	there will be a security dialogue or things will break! So think 
9:01:48 PM  [main] 	about running this application with administrator rights!
9:01:48 PM  [main] 	XAMPP Installation Directory: "c:\xampp\"
9:01:48 PM  [main] 	Checking for prerequisites
9:01:49 PM  [main] 	All prerequisites found
9:01:49 PM  [main] 	Initializing Modules
9:01:49 PM  [main] 	Starting Check-Timer
9:01:49 PM  [main] 	Control Panel Ready
9:01:55 PM  [Apache] 	Attempting to start Apache app...
9:01:55 PM  [Apache] 	Status change detected: running
9:01:56 PM  [mysql] 	Attempting to start MySQL app...
9:01:56 PM  [mysql] 	Status change detected: running
1:03:33 AM  [main] 	Deinitializing Modules
1:03:33 AM  [main] 	Deinitializing Control Panel

12:21:03 PM  [main] 	Initializing Control Panel
12:21:03 PM  [main] 	Windows Version:  Enterprise  64-bit
12:21:03 PM  [main] 	XAMPP Version: 8.0.2
12:21:03 PM  [main] 	Control Panel Version: 3.2.4  [ Compiled: Jun 5th 2019 ]
12:21:03 PM  [main] 	You are not running with administrator rights! This will work for
12:21:03 PM  [main] 	most application stuff but whenever you do something with services
12:21:03 PM  [main] 	there will be a security dialogue or things will break! So think 
12:21:03 PM  [main] 	about running this application with administrator rights!
12:21:03 PM  [main] 	XAMPP Installation Directory: "c:\xampp\"
12:21:03 PM  [main] 	Checking for prerequisites
12:21:04 PM  [main] 	All prerequisites found
12:21:04 PM  [main] 	Initializing Modules
12:21:04 PM  [main] 	Starting Check-Timer
12:21:04 PM  [main] 	Control Panel Ready
12:21:06 PM  [Apache] 	Attempting to start Apache app...
12:21:07 PM  [Apache] 	Status change detected: running
12:21:07 PM  [mysql] 	Attempting to start MySQL app...
12:21:07 PM  [mysql] 	Status change detected: running
3:54:05 PM  [main] 	Deinitializing Modules
3:54:05 PM  [main] 	Deinitializing Control Panel

12:33:28 AM  [main] 	Initializing Control Panel
12:33:28 AM  [main] 	Windows Version:  Enterprise  64-bit
12:33:28 AM  [main] 	XAMPP Version: 8.0.2
12:33:28 AM  [main] 	Control Panel Version: 3.2.4  [ Compiled: Jun 5th 2019 ]
12:33:28 AM  [main] 	You are not running with administrator rights! This will work for
12:33:28 AM  [main] 	most application stuff but whenever you do something with services
12:33:28 AM  [main] 	there will be a security dialogue or things will break! So think 
12:33:28 AM  [main] 	about running this application with administrator rights!
12:33:28 AM  [main] 	XAMPP Installation Directory: "c:\xampp\"
12:33:28 AM  [main] 	Checking for prerequisites
12:33:30 AM  [main] 	All prerequisites found
12:33:30 AM  [main] 	Initializing Modules
12:33:30 AM  [main] 	Starting Check-Timer
12:33:30 AM  [main] 	Control Panel Ready
12:33:32 AM  [Apache] 	Attempting to start Apache app...
12:33:32 AM  [Apache] 	Status change detected: running
12:33:32 AM  [mysql] 	Attempting to start MySQL app...
12:33:33 AM  [mysql] 	Status change detected: running
1:24:16 AM  [main] 	Deinitializing Modules
1:24:16 AM  [main] 	Deinitializing Control Panel

9:30:00 AM  [main] 	Initializing Control Panel
9:30:00 AM  [main] 	Windows Version:  Enterprise  64-bit
9:30:00 AM  [main] 	XAMPP Version: 8.0.2
9:30:00 AM  [main] 	Control Panel Version: 3.2.4  [ Compiled: Jun 5th 2019 ]
9:30:00 AM  [main] 	You are not running with administrator rights! This will work for
9:30:00 AM  [main] 	most application stuff but whenever you do something with services
9:30:00 AM  [main] 	there will be a security dialogue or things will break! So think 
9:30:00 AM  [main] 	about running this application with administrator rights!
9:30:00 AM  [main] 	XAMPP Installation Directory: "c:\xampp\"
9:30:00 AM  [main] 	Checking for prerequisites
9:30:02 AM  [main] 	All prerequisites found
9:30:02 AM  [main] 	Initializing Modules
9:30:02 AM  [main] 	Starting Check-Timer
9:30:02 AM  [main] 	Control Panel Ready
9:30:04 AM  [Apache] 	Attempting to start Apache app...
9:30:04 AM  [Apache] 	Status change detected: running
9:30:04 AM  [mysql] 	Attempting to start MySQL app...
9:30:05 AM  [mysql] 	Status change detected: running
9:37:52 AM  [Apache] 	Attempting to stop Apache (PID: 2296)
9:37:52 AM  [Apache] 	Attempting to stop Apache (PID: 3316)
9:37:52 AM  [Apache] 	Status change detected: stopped
9:37:53 AM  [mysql] 	Attempting to stop MySQL app...
9:37:53 AM  [mysql] 	Status change detected: stopped
9:38:08 AM  [main] 	Deinitializing Modules
9:38:08 AM  [main] 	Deinitializing Control Panel

9:14:06 PM  [main] 	Initializing Control Panel
9:14:06 PM  [main] 	Windows Version:  Enterprise  64-bit
9:14:06 PM  [main] 	XAMPP Version: 8.0.2
9:14:06 PM  [main] 	Control Panel Version: 3.2.4  [ Compiled: Jun 5th 2019 ]
9:14:06 PM  [main] 	You are not running with administrator rights! This will work for
9:14:06 PM  [main] 	most application stuff but whenever you do something with services
9:14:06 PM  [main] 	there will be a security dialogue or things will break! So think 
9:14:06 PM  [main] 	about running this application with administrator rights!
9:14:06 PM  [main] 	XAMPP Installation Directory: "c:\xampp\"
9:14:06 PM  [main] 	Checking for prerequisites
9:14:08 PM  [main] 	All prerequisites found
9:14:08 PM  [main] 	Initializing Modules
9:14:08 PM  [main] 	Starting Check-Timer
9:14:08 PM  [main] 	Control Panel Ready
9:14:09 PM  [Apache] 	Attempting to start Apache app...
9:14:10 PM  [Apache] 	Status change detected: running
9:14:12 PM  [mysql] 	Attempting to start MySQL app...
9:14:12 PM  [mysql] 	Status change detected: running
12:04:46 AM  [Apache] 	Attempting to stop Apache (PID: 2860)
12:04:46 AM  [Apache] 	Attempting to stop Apache (PID: 10040)
12:04:46 AM  [Apache] 	Status change detected: stopped
12:04:46 AM  [mysql] 	Attempting to stop MySQL app...
12:04:47 AM  [mysql] 	Status change detected: stopped
12:50:06 AM  [main] 	Deinitializing Modules
12:50:06 AM  [main] 	Deinitializing Control Panel

7:22:10 PM  [main] 	Initializing Control Panel
7:22:10 PM  [main] 	Windows Version:  Enterprise  64-bit
7:22:10 PM  [main] 	XAMPP Version: 8.0.2
7:22:10 PM  [main] 	Control Panel Version: 3.2.4  [ Compiled: Jun 5th 2019 ]
7:22:10 PM  [main] 	You are not running with administrator rights! This will work for
7:22:10 PM  [main] 	most application stuff but whenever you do something with services
7:22:10 PM  [main] 	there will be a security dialogue or things will break! So think 
7:22:10 PM  [main] 	about running this application with administrator rights!
7:22:10 PM  [main] 	XAMPP Installation Directory: "c:\xampp\"
7:22:10 PM  [main] 	Checking for prerequisites
7:22:12 PM  [main] 	All prerequisites found
7:22:12 PM  [main] 	Initializing Modules
7:22:12 PM  [main] 	Starting Check-Timer
7:22:12 PM  [main] 	Control Panel Ready
7:22:13 PM  [Apache] 	Attempting to start Apache app...
7:22:14 PM  [Apache] 	Status change detected: running
7:22:15 PM  [mysql] 	Attempting to start MySQL app...
7:22:15 PM  [mysql] 	Status change detected: running
8:17:31 PM  [Apache] 	Attempting to stop Apache (PID: 11768)
8:17:31 PM  [Apache] 	Attempting to stop Apache (PID: 13268)
8:17:32 PM  [Apache] 	Status change detected: stopped
8:17:32 PM  [mysql] 	Attempting to stop MySQL app...
8:17:32 PM  [mysql] 	Status change detected: stopped
8:41:26 PM  [Apache] 	Status change detected: running
8:41:27 PM  [mysql] 	Status change detected: running
8:43:27 PM  [Apache] 	Status change detected: stopped
8:43:27 PM  [mysql] 	Status change detected: stopped
12:10:16 AM  [main] 	Deinitializing Modules
12:10:16 AM  [main] 	Deinitializing Control Panel

8:36:01 PM  [main] 	Initializing Control Panel
8:36:01 PM  [main] 	Windows Version:  Enterprise  64-bit
8:36:01 PM  [main] 	XAMPP Version: 8.0.2
8:36:01 PM  [main] 	Control Panel Version: 3.2.4  [ Compiled: Jun 5th 2019 ]
8:36:01 PM  [main] 	You are not running with administrator rights! This will work for
8:36:01 PM  [main] 	most application stuff but whenever you do something with services
8:36:01 PM  [main] 	there will be a security dialogue or things will break! So think 
8:36:01 PM  [main] 	about running this application with administrator rights!
8:36:01 PM  [main] 	XAMPP Installation Directory: "c:\xampp\"
8:36:01 PM  [main] 	Checking for prerequisites
8:36:01 PM  [main] 	All prerequisites found
8:36:01 PM  [main] 	Initializing Modules
8:36:01 PM  [main] 	Starting Check-Timer
8:36:01 PM  [main] 	Control Panel Ready
8:36:03 PM  [Apache] 	Attempting to start Apache app...
8:36:03 PM  [Apache] 	Status change detected: running
8:36:04 PM  [mysql] 	Attempting to start MySQL app...
8:36:04 PM  [mysql] 	Status change detected: running
8:40:41 PM  [Apache] 	Attempting to stop Apache (PID: 9336)
8:40:41 PM  [Apache] 	Attempting to stop Apache (PID: 4672)
8:40:41 PM  [Apache] 	Status change detected: stopped
8:40:42 PM  [mysql] 	Attempting to stop MySQL app...
8:40:42 PM  [mysql] 	Status change detected: stopped
8:40:48 PM  [main] 	Deinitializing Modules
8:40:48 PM  [main] 	Deinitializing Control Panel

11:32:30 AM  [main] 	Initializing Control Panel
11:32:30 AM  [main] 	Windows Version:  Enterprise  64-bit
11:32:30 AM  [main] 	XAMPP Version: 8.0.2
11:32:30 AM  [main] 	Control Panel Version: 3.2.4  [ Compiled: Jun 5th 2019 ]
11:32:30 AM  [main] 	You are not running with administrator rights! This will work for
11:32:30 AM  [main] 	most application stuff but whenever you do something with services
11:32:30 AM  [main] 	there will be a security dialogue or things will break! So think 
11:32:30 AM  [main] 	about running this application with administrator rights!
11:32:30 AM  [main] 	XAMPP Installation Directory: "c:\xampp\"
11:32:30 AM  [main] 	Checking for prerequisites
11:32:33 AM  [main] 	All prerequisites found
11:32:33 AM  [main] 	Initializing Modules
11:32:33 AM  [main] 	Starting Check-Timer
11:32:33 AM  [main] 	Control Panel Ready
11:32:34 AM  [Apache] 	Attempting to start Apache app...
11:32:35 AM  [mysql] 	Attempting to start MySQL app...
11:32:35 AM  [Apache] 	Status change detected: running
11:32:35 AM  [mysql] 	Status change detected: running
12:02:32 PM  [main] 	Deinitializing Modules
12:02:32 PM  [main] 	Deinitializing Control Panel

1:31:03 PM  [main] 	Initializing Control Panel
1:31:03 PM  [main] 	Windows Version:  Enterprise  64-bit
1:31:03 PM  [main] 	XAMPP Version: 8.0.2
1:31:03 PM  [main] 	Control Panel Version: 3.2.4  [ Compiled: Jun 5th 2019 ]
1:31:03 PM  [main] 	You are not running with administrator rights! This will work for
1:31:03 PM  [main] 	most application stuff but whenever you do something with services
1:31:03 PM  [main] 	there will be a security dialogue or things will break! So think 
1:31:03 PM  [main] 	about running this application with administrator rights!
1:31:03 PM  [main] 	XAMPP Installation Directory: "c:\xampp\"
1:31:03 PM  [main] 	Checking for prerequisites
1:31:03 PM  [main] 	All prerequisites found
1:31:03 PM  [main] 	Initializing Modules
1:31:03 PM  [main] 	Starting Check-Timer
1:31:03 PM  [main] 	Control Panel Ready
1:31:04 PM  [Apache] 	Attempting to start Apache app...
1:31:04 PM  [Apache] 	Status change detected: running
1:31:05 PM  [mysql] 	Attempting to start MySQL app...
1:31:05 PM  [mysql] 	Status change detected: running
3:00:50 PM  [main] 	Deinitializing Modules
3:00:50 PM  [main] 	Deinitializing Control Panel

8:58:13 PM  [main] 	Initializing Control Panel
8:58:13 PM  [main] 	Windows Version:  Enterprise  64-bit
8:58:13 PM  [main] 	XAMPP Version: 8.0.2
8:58:13 PM  [main] 	Control Panel Version: 3.2.4  [ Compiled: Jun 5th 2019 ]
8:58:13 PM  [main] 	You are not running with administrator rights! This will work for
8:58:13 PM  [main] 	most application stuff but whenever you do something with services
8:58:13 PM  [main] 	there will be a security dialogue or things will break! So think 
8:58:13 PM  [main] 	about running this application with administrator rights!
8:58:13 PM  [main] 	XAMPP Installation Directory: "c:\xampp\"
8:58:13 PM  [main] 	Checking for prerequisites
8:58:14 PM  [main] 	All prerequisites found
8:58:14 PM  [main] 	Initializing Modules
8:58:14 PM  [main] 	Starting Check-Timer
8:58:14 PM  [main] 	Control Panel Ready
8:58:18 PM  [Apache] 	Attempting to start Apache app...
8:58:18 PM  [Apache] 	Status change detected: running
8:58:19 PM  [mysql] 	Attempting to start MySQL app...
8:58:19 PM  [mysql] 	Status change detected: running
2:21:35 AM  [mysql] 	Attempting to stop MySQL app...
2:21:36 AM  [mysql] 	Status change detected: stopped
2:21:36 AM  [Apache] 	Attempting to stop Apache (PID: 112020)
2:21:36 AM  [Apache] 	Attempting to stop Apache (PID: 83200)
2:21:36 AM  [Apache] 	Status change detected: stopped
2:21:51 AM  [main] 	Deinitializing Modules
2:21:51 AM  [main] 	Deinitializing Control Panel

8:35:19 PM  [main] 	Initializing Control Panel
8:35:19 PM  [main] 	Windows Version:  Enterprise  64-bit
8:35:19 PM  [main] 	XAMPP Version: 8.0.2
8:35:19 PM  [main] 	Control Panel Version: 3.2.4  [ Compiled: Jun 5th 2019 ]
8:35:19 PM  [main] 	You are not running with administrator rights! This will work for
8:35:19 PM  [main] 	most application stuff but whenever you do something with services
8:35:19 PM  [main] 	there will be a security dialogue or things will break! So think 
8:35:19 PM  [main] 	about running this application with administrator rights!
8:35:19 PM  [main] 	XAMPP Installation Directory: "c:\xampp\"
8:35:19 PM  [main] 	Checking for prerequisites
8:35:20 PM  [main] 	All prerequisites found
8:35:20 PM  [main] 	Initializing Modules
8:35:20 PM  [main] 	Starting Check-Timer
8:35:20 PM  [main] 	Control Panel Ready
8:35:22 PM  [Apache] 	Attempting to start Apache app...
8:35:22 PM  [Apache] 	Status change detected: running
8:35:23 PM  [mysql] 	Attempting to start MySQL app...
8:35:23 PM  [mysql] 	Status change detected: running
9:22:57 PM  [Apache] 	Attempting to stop Apache (PID: 36992)
9:22:57 PM  [Apache] 	Attempting to stop Apache (PID: 66776)
9:22:57 PM  [Apache] 	Status change detected: stopped
9:22:58 PM  [mysql] 	Attempting to stop MySQL app...
9:22:58 PM  [mysql] 	Status change detected: stopped
1:55:32 PM  [Apache] 	Status change detected: running
1:55:32 PM  [mysql] 	Status change detected: running
3:40:40 PM  [Apache] 	Status change detected: stopped
3:40:41 PM  [mysql] 	Status change detected: stopped
3:57:49 PM  [main] 	Deinitializing Modules
3:57:49 PM  [main] 	Deinitializing Control Panel

1:55:28 PM  [main] 	Initializing Control Panel
1:55:28 PM  [main] 	Windows Version:  Enterprise  64-bit
1:55:28 PM  [main] 	XAMPP Version: 8.0.2
1:55:28 PM  [main] 	Control Panel Version: 3.2.4  [ Compiled: Jun 5th 2019 ]
1:55:28 PM  [main] 	You are not running with administrator rights! This will work for
1:55:28 PM  [main] 	most application stuff but whenever you do something with services
1:55:28 PM  [main] 	there will be a security dialogue or things will break! So think 
1:55:28 PM  [main] 	about running this application with administrator rights!
1:55:28 PM  [main] 	XAMPP Installation Directory: "c:\xampp\"
1:55:28 PM  [main] 	Checking for prerequisites
1:55:29 PM  [main] 	All prerequisites found
1:55:29 PM  [main] 	Initializing Modules
1:55:29 PM  [main] 	Starting Check-Timer
1:55:29 PM  [main] 	Control Panel Ready
1:55:31 PM  [Apache] 	Attempting to start Apache app...
1:55:32 PM  [Apache] 	Status change detected: running
1:55:32 PM  [mysql] 	Attempting to start MySQL app...
1:55:33 PM  [mysql] 	Status change detected: running
3:40:40 PM  [Apache] 	Attempting to stop Apache (PID: 13584)
3:40:40 PM  [Apache] 	Attempting to stop Apache (PID: 117324)
3:40:41 PM  [Apache] 	Status change detected: stopped
3:40:41 PM  [mysql] 	Attempting to stop MySQL app...
3:40:41 PM  [mysql] 	Status change detected: stopped
3:57:49 PM  [main] 	Deinitializing Modules
3:57:49 PM  [main] 	Deinitializing Control Panel

7:42:31 PM  [main] 	Initializing Control Panel
7:42:31 PM  [main] 	Windows Version:  Enterprise  64-bit
7:42:31 PM  [main] 	XAMPP Version: 8.0.2
7:42:31 PM  [main] 	Control Panel Version: 3.2.4  [ Compiled: Jun 5th 2019 ]
7:42:31 PM  [main] 	You are not running with administrator rights! This will work for
7:42:31 PM  [main] 	most application stuff but whenever you do something with services
7:42:31 PM  [main] 	there will be a security dialogue or things will break! So think 
7:42:31 PM  [main] 	about running this application with administrator rights!
7:42:31 PM  [main] 	XAMPP Installation Directory: "c:\xampp\"
7:42:31 PM  [main] 	Checking for prerequisites
7:42:32 PM  [main] 	All prerequisites found
7:42:32 PM  [main] 	Initializing Modules
7:42:32 PM  [main] 	Starting Check-Timer
7:42:32 PM  [main] 	Control Panel Ready
7:42:38 PM  [Apache] 	Attempting to start Apache app...
7:42:38 PM  [Apache] 	Status change detected: running
7:42:39 PM  [mysql] 	Attempting to start MySQL app...
7:42:39 PM  [mysql] 	Status change detected: running
9:41:31 PM  [Apache] 	Attempting to stop Apache (PID: 2460)
9:41:31 PM  [Apache] 	Attempting to stop Apache (PID: 2864)
9:41:32 PM  [Apache] 	Status change detected: stopped
9:41:32 PM  [mysql] 	Attempting to stop MySQL app...
9:41:33 PM  [mysql] 	Status change detected: stopped
2:25:10 AM  [main] 	Deinitializing Modules
2:25:10 AM  [main] 	Deinitializing Control Panel

12:30:45 AM  [main] 	Initializing Control Panel
12:30:45 AM  [main] 	Windows Version:  Enterprise  64-bit
12:30:45 AM  [main] 	XAMPP Version: 8.0.2
12:30:45 AM  [main] 	Control Panel Version: 3.2.4  [ Compiled: Jun 5th 2019 ]
12:30:45 AM  [main] 	You are not running with administrator rights! This will work for
12:30:45 AM  [main] 	most application stuff but whenever you do something with services
12:30:45 AM  [main] 	there will be a security dialogue or things will break! So think 
12:30:45 AM  [main] 	about running this application with administrator rights!
12:30:45 AM  [main] 	XAMPP Installation Directory: "c:\xampp\"
12:30:45 AM  [main] 	Checking for prerequisites
12:30:46 AM  [main] 	All prerequisites found
12:30:46 AM  [main] 	Initializing Modules
12:30:46 AM  [main] 	Starting Check-Timer
12:30:46 AM  [main] 	Control Panel Ready
12:30:48 AM  [Apache] 	Attempting to start Apache app...
12:30:48 AM  [Apache] 	Status change detected: running
12:30:49 AM  [mysql] 	Attempting to start MySQL app...
12:30:49 AM  [mysql] 	Status change detected: running
1:31:05 AM  [Apache] 	Attempting to stop Apache (PID: 7604)
1:31:05 AM  [Apache] 	Attempting to stop Apache (PID: 8528)
1:31:05 AM  [Apache] 	Status change detected: stopped
1:31:06 AM  [mysql] 	Attempting to stop MySQL app...
1:31:06 AM  [mysql] 	Status change detected: stopped
2:55:46 AM  [main] 	Deinitializing Modules
2:55:46 AM  [main] 	Deinitializing Control Panel

12:24:46 AM  [main] 	Initializing Control Panel
12:24:46 AM  [main] 	Windows Version:  Enterprise  64-bit
12:24:46 AM  [main] 	XAMPP Version: 8.0.2
12:24:46 AM  [main] 	Control Panel Version: 3.2.4  [ Compiled: Jun 5th 2019 ]
12:24:46 AM  [main] 	You are not running with administrator rights! This will work for
12:24:46 AM  [main] 	most application stuff but whenever you do something with services
12:24:46 AM  [main] 	there will be a security dialogue or things will break! So think 
12:24:46 AM  [main] 	about running this application with administrator rights!
12:24:46 AM  [main] 	XAMPP Installation Directory: "c:\xampp\"
12:24:46 AM  [main] 	Checking for prerequisites
12:24:48 AM  [main] 	All prerequisites found
12:24:48 AM  [main] 	Initializing Modules
12:24:48 AM  [main] 	Starting Check-Timer
12:24:48 AM  [main] 	Control Panel Ready
12:24:49 AM  [Apache] 	Attempting to start Apache app...
12:24:50 AM  [Apache] 	Status change detected: running
12:24:50 AM  [mysql] 	Attempting to start MySQL app...
12:24:51 AM  [mysql] 	Status change detected: running
12:36:40 AM  [Apache] 	Attempting to stop Apache (PID: 7924)
12:36:40 AM  [Apache] 	Attempting to stop Apache (PID: 2032)
12:36:40 AM  [Apache] 	Status change detected: stopped
12:36:41 AM  [mysql] 	Attempting to stop MySQL app...
12:36:41 AM  [mysql] 	Status change detected: stopped
12:44:07 AM  [Apache] 	Attempting to start Apache app...
12:44:07 AM  [Apache] 	Status change detected: running
12:44:08 AM  [mysql] 	Attempting to start MySQL app...
12:44:08 AM  [mysql] 	Status change detected: running
12:49:14 AM  [mysql] 	Attempting to stop MySQL app...
12:49:14 AM  [mysql] 	Status change detected: stopped
12:49:15 AM  [Apache] 	Attempting to stop Apache (PID: 7456)
12:49:15 AM  [Apache] 	Attempting to stop Apache (PID: 9500)
12:49:15 AM  [Apache] 	Status change detected: stopped
4:54:51 AM  [main] 	Deinitializing Modules
4:54:51 AM  [main] 	Deinitializing Control Panel

9:16:36 PM  [main] 	Initializing Control Panel
9:16:36 PM  [main] 	Windows Version:  Enterprise  64-bit
9:16:36 PM  [main] 	XAMPP Version: 8.0.2
9:16:36 PM  [main] 	Control Panel Version: 3.2.4  [ Compiled: Jun 5th 2019 ]
9:16:36 PM  [main] 	You are not running with administrator rights! This will work for
9:16:36 PM  [main] 	most application stuff but whenever you do something with services
9:16:36 PM  [main] 	there will be a security dialogue or things will break! So think 
9:16:36 PM  [main] 	about running this application with administrator rights!
9:16:36 PM  [main] 	XAMPP Installation Directory: "c:\xampp\"
9:16:36 PM  [main] 	Checking for prerequisites
9:16:37 PM  [main] 	All prerequisites found
9:16:37 PM  [main] 	Initializing Modules
9:16:37 PM  [main] 	Starting Check-Timer
9:16:37 PM  [main] 	Control Panel Ready
9:16:39 PM  [Apache] 	Attempting to start Apache app...
9:16:39 PM  [Apache] 	Status change detected: running
9:16:39 PM  [mysql] 	Attempting to start MySQL app...
9:16:40 PM  [mysql] 	Status change detected: running
10:41:38 PM  [Apache] 	Attempting to stop Apache (PID: 2988)
10:41:38 PM  [Apache] 	Attempting to stop Apache (PID: 11544)
10:41:39 PM  [Apache] 	Status change detected: stopped
10:41:39 PM  [mysql] 	Attempting to stop MySQL app...
10:41:39 PM  [mysql] 	Status change detected: stopped
12:09:14 AM  [main] 	Deinitializing Modules
12:09:14 AM  [main] 	Deinitializing Control Panel

12:39:40 PM  [main] 	Initializing Control Panel
12:39:40 PM  [main] 	Windows Version:  Enterprise  64-bit
12:39:40 PM  [main] 	XAMPP Version: 8.0.2
12:39:40 PM  [main] 	Control Panel Version: 3.2.4  [ Compiled: Jun 5th 2019 ]
12:39:40 PM  [main] 	You are not running with administrator rights! This will work for
12:39:40 PM  [main] 	most application stuff but whenever you do something with services
12:39:40 PM  [main] 	there will be a security dialogue or things will break! So think 
12:39:40 PM  [main] 	about running this application with administrator rights!
12:39:40 PM  [main] 	XAMPP Installation Directory: "c:\xampp\"
12:39:40 PM  [main] 	Checking for prerequisites
12:39:41 PM  [main] 	All prerequisites found
12:39:41 PM  [main] 	Initializing Modules
12:39:41 PM  [main] 	Starting Check-Timer
12:39:41 PM  [main] 	Control Panel Ready
12:39:43 PM  [Apache] 	Attempting to start Apache app...
12:39:44 PM  [Apache] 	Status change detected: running
12:39:44 PM  [mysql] 	Attempting to start MySQL app...
12:39:44 PM  [mysql] 	Status change detected: running
1:19:06 PM  [Apache] 	Attempting to stop Apache (PID: 6768)
1:19:06 PM  [Apache] 	Attempting to stop Apache (PID: 7244)
1:19:06 PM  [Apache] 	Status change detected: stopped
1:19:06 PM  [mysql] 	Attempting to stop MySQL app...
1:19:07 PM  [mysql] 	Status change detected: stopped
4:07:19 PM  [main] 	Deinitializing Modules
4:07:19 PM  [main] 	Deinitializing Control Panel

12:40:31 AM  [main] 	Initializing Control Panel
12:40:31 AM  [main] 	Windows Version:  Enterprise  64-bit
12:40:31 AM  [main] 	XAMPP Version: 8.0.2
12:40:31 AM  [main] 	Control Panel Version: 3.2.4  [ Compiled: Jun 5th 2019 ]
12:40:31 AM  [main] 	You are not running with administrator rights! This will work for
12:40:31 AM  [main] 	most application stuff but whenever you do something with services
12:40:31 AM  [main] 	there will be a security dialogue or things will break! So think 
12:40:31 AM  [main] 	about running this application with administrator rights!
12:40:31 AM  [main] 	XAMPP Installation Directory: "c:\xampp\"
12:40:31 AM  [main] 	Checking for prerequisites
12:40:32 AM  [main] 	All prerequisites found
12:40:32 AM  [main] 	Initializing Modules
12:40:32 AM  [main] 	Starting Check-Timer
12:40:32 AM  [main] 	Control Panel Ready
12:40:36 AM  [Apache] 	Attempting to start Apache app...
12:40:36 AM  [Apache] 	Status change detected: running
12:40:37 AM  [mysql] 	Attempting to start MySQL app...
12:40:38 AM  [mysql] 	Status change detected: running
1:32:17 AM  [Apache] 	Attempting to stop Apache (PID: 4600)
1:32:17 AM  [Apache] 	Attempting to stop Apache (PID: 7044)
1:32:17 AM  [Apache] 	Status change detected: stopped
1:32:18 AM  [mysql] 	Attempting to stop MySQL app...
1:32:18 AM  [mysql] 	Status change detected: stopped
2:05:40 AM  [main] 	Deinitializing Modules
2:05:40 AM  [main] 	Deinitializing Control Panel

10:32:16 PM  [main] 	Initializing Control Panel
10:32:16 PM  [main] 	Windows Version:  Enterprise  64-bit
10:32:16 PM  [main] 	XAMPP Version: 8.0.2
10:32:16 PM  [main] 	Control Panel Version: 3.2.4  [ Compiled: Jun 5th 2019 ]
10:32:16 PM  [main] 	You are not running with administrator rights! This will work for
10:32:16 PM  [main] 	most application stuff but whenever you do something with services
10:32:16 PM  [main] 	there will be a security dialogue or things will break! So think 
10:32:16 PM  [main] 	about running this application with administrator rights!
10:32:16 PM  [main] 	XAMPP Installation Directory: "c:\xampp\"
10:32:16 PM  [main] 	Checking for prerequisites
10:32:17 PM  [main] 	All prerequisites found
10:32:17 PM  [main] 	Initializing Modules
10:32:17 PM  [main] 	Starting Check-Timer
10:32:17 PM  [main] 	Control Panel Ready
10:32:20 PM  [Apache] 	Attempting to start Apache app...
10:32:20 PM  [Apache] 	Status change detected: running
10:32:21 PM  [mysql] 	Attempting to start MySQL app...
10:32:21 PM  [mysql] 	Status change detected: running
10:33:52 PM  [Apache] 	Attempting to stop Apache (PID: 5396)
10:33:52 PM  [Apache] 	Attempting to stop Apache (PID: 6316)
10:33:52 PM  [Apache] 	Status change detected: stopped
10:33:53 PM  [mysql] 	Attempting to stop MySQL app...
10:33:53 PM  [mysql] 	Status change detected: stopped
1:23:49 AM  [main] 	Deinitializing Modules
1:23:49 AM  [main] 	Deinitializing Control Panel

11:50:14 AM  [main] 	Initializing Control Panel
11:50:14 AM  [main] 	Windows Version:  Enterprise  64-bit
11:50:14 AM  [main] 	XAMPP Version: 8.0.2
11:50:14 AM  [main] 	Control Panel Version: 3.2.4  [ Compiled: Jun 5th 2019 ]
11:50:14 AM  [main] 	You are not running with administrator rights! This will work for
11:50:14 AM  [main] 	most application stuff but whenever you do something with services
11:50:14 AM  [main] 	there will be a security dialogue or things will break! So think 
11:50:14 AM  [main] 	about running this application with administrator rights!
11:50:14 AM  [main] 	XAMPP Installation Directory: "c:\xampp\"
11:50:14 AM  [main] 	Checking for prerequisites
11:50:15 AM  [main] 	All prerequisites found
11:50:15 AM  [main] 	Initializing Modules
11:50:15 AM  [main] 	Starting Check-Timer
11:50:15 AM  [main] 	Control Panel Ready
11:50:39 AM  [Apache] 	Attempting to start Apache app...
11:50:39 AM  [Apache] 	Status change detected: running
11:50:41 AM  [mysql] 	Attempting to start MySQL app...
11:50:41 AM  [mysql] 	Status change detected: running
12:03:07 PM  [Apache] 	Attempting to stop Apache (PID: 8692)
12:03:07 PM  [Apache] 	Attempting to stop Apache (PID: 13864)
12:03:07 PM  [Apache] 	Status change detected: stopped
12:03:08 PM  [mysql] 	Attempting to stop MySQL app...
12:03:08 PM  [mysql] 	Status change detected: stopped
3:12:04 PM  [main] 	Deinitializing Modules
3:12:04 PM  [main] 	Deinitializing Control Panel

